<?xml version="1.0" encoding="UTF-8"?>
<testng-results skipped="0" failed="0" total="2" passed="2">
  <reporter-output>
  </reporter-output>
  <suite name="Default suite" duration-ms="39783" started-at="2022-01-23T07:17:25Z" finished-at="2022-01-23T07:18:05Z">
    <groups>
    </groups>
    <test name="Default test" duration-ms="39783" started-at="2022-01-23T07:17:25Z" finished-at="2022-01-23T07:18:05Z">
      <class name="jan22.AdvanceReports">
        <test-method status="PASS" signature="generateReport()[pri:0, instance:jan22.AdvanceReports@2aaf7cc2]" name="generateReport" is-config="true" duration-ms="697" started-at="2022-01-23T12:47:25Z" finished-at="2022-01-23T12:47:25Z">
          <reporter-output>
          </reporter-output>
        </test-method> <!-- generateReport -->
        <test-method status="PASS" signature="setUp()[pri:0, instance:jan22.AdvanceReports@2aaf7cc2]" name="setUp" is-config="true" duration-ms="14100" started-at="2022-01-23T12:47:25Z" finished-at="2022-01-23T12:47:40Z">
          <reporter-output>
          </reporter-output>
        </test-method> <!-- setUp -->
        <test-method status="PASS" signature="failTest()[pri:0, instance:jan22.AdvanceReports@2aaf7cc2]" name="failTest" duration-ms="46" started-at="2022-01-23T12:47:40Z" finished-at="2022-01-23T12:47:40Z">
          <reporter-output>
          </reporter-output>
        </test-method> <!-- failTest -->
        <test-method status="PASS" signature="closeReports()[pri:0, instance:jan22.AdvanceReports@2aaf7cc2]" name="closeReports" is-config="true" duration-ms="4712" started-at="2022-01-23T12:47:40Z" finished-at="2022-01-23T12:47:44Z">
          <reporter-output>
          </reporter-output>
        </test-method> <!-- closeReports -->
        <test-method status="PASS" signature="setUp()[pri:0, instance:jan22.AdvanceReports@2aaf7cc2]" name="setUp" is-config="true" duration-ms="15917" started-at="2022-01-23T12:47:44Z" finished-at="2022-01-23T12:48:00Z">
          <reporter-output>
          </reporter-output>
        </test-method> <!-- setUp -->
        <test-method status="PASS" signature="passTest()[pri:0, instance:jan22.AdvanceReports@2aaf7cc2]" name="passTest" duration-ms="20" started-at="2022-01-23T12:48:00Z" finished-at="2022-01-23T12:48:00Z">
          <reporter-output>
          </reporter-output>
        </test-method> <!-- passTest -->
        <test-method status="PASS" signature="closeReports()[pri:0, instance:jan22.AdvanceReports@2aaf7cc2]" name="closeReports" is-config="true" duration-ms="4285" started-at="2022-01-23T12:48:00Z" finished-at="2022-01-23T12:48:05Z">
          <reporter-output>
          </reporter-output>
        </test-method> <!-- closeReports -->
      </class> <!-- jan22.AdvanceReports -->
    </test> <!-- Default test -->
  </suite> <!-- Default suite -->
</testng-results>
